{"uuid": "210ba5cc-f3c3-4006-8a37-8eebd12f3871", "children": ["ab585b6d-d909-42d9-9c72-bfa7d57a4a23"], "befores": [{"name": "login", "status": "failed", "statusDetails": {"message": "selene.core.exceptions.TimeoutException: Message: \n\nTimed out after 10.0s, while waiting for:\nbrowser.element(('css selector', '.alert')).has text Successfully signed in.\n\nReason: NoSuchElementException: Message: no such element: Unable to locate element: {\"method\":\"css selector\",\"selector\":\".alert\"}\n  (Session info: chrome=114.0.5735.199)\nStacktrace:\nBacktrace:\n\tGetHandleVerifier [0x00D9A813+48355]\n\t(No symbol) [0x00D2C4B1]\n\t(No symbol) [0x00C35358]\n\t(No symbol) [0x00C609A5]\n\t(No symbol) [0x00C60B3B]\n\t(No symbol) [0x00C8E232]\n\t(No symbol) [0x00C7A784]\n\t(No symbol) [0x00C8C922]\n\t(No symbol) [0x00C7A536]\n\t(No symbol) [0x00C582DC]\n\t(No symbol) [0x00C593DD]\n\tGetHandleVerifier [0x00FFAABD+2539405]\n\tGetHandleVerifier [0x0103A78F+2800735]\n\tGetHandleVerifier [0x0103456C+2775612]\n\tGetHandleVerifier [0x00E251E0+616112]\n\t(No symbol) [0x00D35F8C]\n\t(No symbol) [0x00D32328]\n\t(No symbol) [0x00D3240B]\n\t(No symbol) [0x00D24FF7]\n\tBaseThreadInitThunk [0x76AD7D59+25]\n\tRtlInitializeExceptionChain [0x77BAB79B+107]\n\tRtlClearBits [0x77BAB71F+191]\n\nScreenshot: file://C:\\Users\\skmee\\.selene\\screenshots\\1689502465309\\1689502465309.png\nPageSource: file://C:\\Users\\skmee\\.selene\\screenshots\\1689502465309\\1689502465309.html\n\n", "trace": "  File \"C:\\Users\\skmee\\AppData\\Local\\Programs\\Python\\Python311\\Lib\\site-packages\\pluggy\\_callers.py\", line 39, in _multicall\n    res = hook_impl.function(*args)\n          ^^^^^^^^^^^^^^^^^^^^^^^^^\n  File \"C:\\Users\\skmee\\AppData\\Local\\Programs\\Python\\Python311\\Lib\\site-packages\\_pytest\\fixtures.py\", line 1128, in pytest_fixture_setup\n    result = call_fixture_func(fixturefunc, request, kwargs)\n             ^^^^^^^^^^^^^^^^^^^^^^^^^^^^^^^^^^^^^^^^^^^^^^^\n  File \"C:\\Users\\skmee\\AppData\\Local\\Programs\\Python\\Python311\\Lib\\site-packages\\_pytest\\fixtures.py\", line 907, in call_fixture_func\n    fixture_result = fixturefunc(**kwargs)\n                     ^^^^^^^^^^^^^^^^^^^^^\n  File \"C:\\Users\\skmee\\PycharmProjects\\udemy_autotests_web\\tests\\conftest.py\", line 22, in login\n    if not app.user_log_in.is_login_successful():\n           ^^^^^^^^^^^^^^^^^^^^^^^^^^^^^^^^^^^^^\n  File \"C:\\Users\\skmee\\PycharmProjects\\udemy_autotests_web\\udemy_autotests_web\\model\\pages\\user_log_in_page.py\", line 26, in is_login_successful\n    browser.element('.alert').should(have.text('Successfully signed in.'))\n  File \"C:\\Users\\skmee\\AppData\\Local\\Programs\\Python\\Python311\\Lib\\site-packages\\selene\\core\\entity.py\", line 136, in should\n    self.wait.for_(condition)\n  File \"C:\\Users\\skmee\\AppData\\Local\\Programs\\Python\\Python311\\Lib\\site-packages\\selene\\core\\wait.py\", line 143, in for_\n    return self._decorator(self)(logic)(fn)\n           ^^^^^^^^^^^^^^^^^^^^^^^^^^^^^^^^\n  File \"C:\\Users\\skmee\\AppData\\Local\\Programs\\Python\\Python311\\Lib\\site-packages\\selene\\core\\wait.py\", line 141, in logic\n    raise self._hook_failure(failure)\n"}, "start": 1689502465479, "stop": 1689502475750}], "start": 1689502465479, "stop": 1689502476647}