{"uuid": "cc4bc517-77a5-41fb-a779-4c1a03709d29", "children": ["b06da9c7-f9dd-43f4-8fc0-f0ec0e619b95"], "befores": [{"name": "login", "status": "failed", "statusDetails": {"message": "selene.core.exceptions.TimeoutException: Message: \n\nTimed out after 10.0s, while waiting for:\nbrowser.element(('css selector', '.alert')).has text Successfully signed in.\n\nReason: NoSuchElementException: Message: no such element: Unable to locate element: {\"method\":\"css selector\",\"selector\":\".alert\"}\n  (Session info: chrome=114.0.5735.199)\nStacktrace:\nBacktrace:\n\tGetHandleVerifier [0x00FAA813+48355]\n\t(No symbol) [0x00F3C4B1]\n\t(No symbol) [0x00E45358]\n\t(No symbol) [0x00E709A5]\n\t(No symbol) [0x00E70B3B]\n\t(No symbol) [0x00E9E232]\n\t(No symbol) [0x00E8A784]\n\t(No symbol) [0x00E9C922]\n\t(No symbol) [0x00E8A536]\n\t(No symbol) [0x00E682DC]\n\t(No symbol) [0x00E693DD]\n\tGetHandleVerifier [0x0120AABD+2539405]\n\tGetHandleVerifier [0x0124A78F+2800735]\n\tGetHandleVerifier [0x0124456C+2775612]\n\tGetHandleVerifier [0x010351E0+616112]\n\t(No symbol) [0x00F45F8C]\n\t(No symbol) [0x00F42328]\n\t(No symbol) [0x00F4240B]\n\t(No symbol) [0x00F34FF7]\n\tBaseThreadInitThunk [0x76AD7D59+25]\n\tRtlInitializeExceptionChain [0x77BAB79B+107]\n\tRtlClearBits [0x77BAB71F+191]\n\nScreenshot: file://C:\\Users\\skmee\\.selene\\screenshots\\1689503498273\\1689503498273.png\nPageSource: file://C:\\Users\\skmee\\.selene\\screenshots\\1689503498273\\1689503498273.html\n\n", "trace": "  File \"C:\\Users\\skmee\\AppData\\Local\\Programs\\Python\\Python311\\Lib\\site-packages\\pluggy\\_callers.py\", line 39, in _multicall\n    res = hook_impl.function(*args)\n          ^^^^^^^^^^^^^^^^^^^^^^^^^\n  File \"C:\\Users\\skmee\\AppData\\Local\\Programs\\Python\\Python311\\Lib\\site-packages\\_pytest\\fixtures.py\", line 1128, in pytest_fixture_setup\n    result = call_fixture_func(fixturefunc, request, kwargs)\n             ^^^^^^^^^^^^^^^^^^^^^^^^^^^^^^^^^^^^^^^^^^^^^^^\n  File \"C:\\Users\\skmee\\AppData\\Local\\Programs\\Python\\Python311\\Lib\\site-packages\\_pytest\\fixtures.py\", line 907, in call_fixture_func\n    fixture_result = fixturefunc(**kwargs)\n                     ^^^^^^^^^^^^^^^^^^^^^\n  File \"C:\\Users\\skmee\\PycharmProjects\\workingnomads_autotests_web\\tests\\conftest.py\", line 22, in login\n    if not app.main_page.is_login_successful():\n           ^^^^^^^^^^^^^^^^^^^^^^^^^^^^^^^^^^^\n  File \"C:\\Users\\skmee\\PycharmProjects\\workingnomads_autotests_web\\workingnomads_autotests_web\\model\\pages\\main_jobs_page.py\", line 11, in is_login_successful\n    browser.element('.alert').should(have.text('Successfully signed in.'))\n  File \"C:\\Users\\skmee\\AppData\\Local\\Programs\\Python\\Python311\\Lib\\site-packages\\selene\\core\\entity.py\", line 136, in should\n    self.wait.for_(condition)\n  File \"C:\\Users\\skmee\\AppData\\Local\\Programs\\Python\\Python311\\Lib\\site-packages\\selene\\core\\wait.py\", line 143, in for_\n    return self._decorator(self)(logic)(fn)\n           ^^^^^^^^^^^^^^^^^^^^^^^^^^^^^^^^\n  File \"C:\\Users\\skmee\\AppData\\Local\\Programs\\Python\\Python311\\Lib\\site-packages\\selene\\core\\wait.py\", line 141, in logic\n    raise self._hook_failure(failure)\n"}, "start": 1689503498486, "stop": 1689503508784}], "start": 1689503498486, "stop": 1689503510664}